{"/home/lucas/Área de Trabalho/projetos/Módulo 5/projeto-drivenpass/src/app.ts": {"path":"/home/lucas/Área de Trabalho/projetos/Módulo 5/projeto-drivenpass/src/app.ts","statementMap":{"0":{"start":{"line":1,"column":0},"end":{"line":1,"column":49}},"1":{"start":{"line":2,"column":0},"end":{"line":2,"column":24}},"2":{"start":{"line":3,"column":0},"end":{"line":3,"column":63}},"3":{"start":{"line":4,"column":0},"end":{"line":4,"column":58}},"4":{"start":{"line":5,"column":0},"end":{"line":5,"column":51}},"5":{"start":{"line":7,"column":12},"end":{"line":7,"column":21}},"6":{"start":{"line":8,"column":0},"end":{"line":8,"column":null}},"7":{"start":{"line":9,"column":0},"end":{"line":9,"column":16}},"8":{"start":{"line":10,"column":0},"end":{"line":10,"column":null}},"9":{"start":{"line":11,"column":0},"end":{"line":11,"column":null}},"10":{"start":{"line":12,"column":0},"end":{"line":12,"column":null}},"11":{"start":{"line":14,"column":0},"end":{"line":14,"column":21}}},"fnMap":{},"branchMap":{},"s":{"0":3,"1":3,"2":3,"3":3,"4":3,"5":3,"6":3,"7":3,"8":3,"9":3,"10":3,"11":3},"f":{},"b":{}}
,"/home/lucas/Área de Trabalho/projetos/Módulo 5/projeto-drivenpass/src/controllers/credential-controller.ts": {"path":"/home/lucas/Área de Trabalho/projetos/Módulo 5/projeto-drivenpass/src/controllers/credential-controller.ts","statementMap":{"0":{"start":{"line":2,"column":0},"end":{"line":2,"column":67}},"1":{"start":{"line":5,"column":47},"end":{"line":5,"column":68}},"2":{"start":{"line":6,"column":19},"end":{"line":6,"column":36}},"3":{"start":{"line":8,"column":4},"end":{"line":17,"column":null}},"4":{"start":{"line":9,"column":27},"end":{"line":9,"column":97}},"5":{"start":{"line":11,"column":8},"end":{"line":11,"column":null}},"6":{"start":{"line":13,"column":8},"end":{"line":15,"column":null}},"7":{"start":{"line":14,"column":12},"end":{"line":14,"column":null}},"8":{"start":{"line":16,"column":8},"end":{"line":16,"column":null}},"9":{"start":{"line":4,"column":0},"end":{"line":4,"column":7}},"10":{"start":{"line":21,"column":19},"end":{"line":21,"column":36}},"11":{"start":{"line":23,"column":4},"end":{"line":29,"column":null}},"12":{"start":{"line":24,"column":27},"end":{"line":24,"column":72}},"13":{"start":{"line":26,"column":8},"end":{"line":26,"column":null}},"14":{"start":{"line":28,"column":8},"end":{"line":28,"column":null}},"15":{"start":{"line":20,"column":0},"end":{"line":20,"column":7}},"16":{"start":{"line":33,"column":15},"end":{"line":33,"column":36}},"17":{"start":{"line":34,"column":19},"end":{"line":34,"column":36}},"18":{"start":{"line":36,"column":4},"end":{"line":44,"column":null}},"19":{"start":{"line":37,"column":27},"end":{"line":37,"column":80}},"20":{"start":{"line":38,"column":8},"end":{"line":38,"column":null}},"21":{"start":{"line":40,"column":8},"end":{"line":42,"column":null}},"22":{"start":{"line":41,"column":12},"end":{"line":41,"column":null}},"23":{"start":{"line":43,"column":8},"end":{"line":43,"column":null}},"24":{"start":{"line":32,"column":0},"end":{"line":32,"column":7}},"25":{"start":{"line":48,"column":15},"end":{"line":48,"column":36}},"26":{"start":{"line":49,"column":19},"end":{"line":49,"column":36}},"27":{"start":{"line":51,"column":4},"end":{"line":59,"column":null}},"28":{"start":{"line":52,"column":27},"end":{"line":52,"column":83}},"29":{"start":{"line":53,"column":8},"end":{"line":53,"column":null}},"30":{"start":{"line":55,"column":8},"end":{"line":57,"column":null}},"31":{"start":{"line":56,"column":12},"end":{"line":56,"column":null}},"32":{"start":{"line":58,"column":8},"end":{"line":58,"column":null}},"33":{"start":{"line":47,"column":0},"end":{"line":47,"column":7}}},"fnMap":{"0":{"name":"createCredential","decl":{"start":{"line":4,"column":22},"end":{"line":4,"column":38}},"loc":{"start":{"line":4,"column":66},"end":{"line":18,"column":1}}},"1":{"name":"getAllCredential","decl":{"start":{"line":20,"column":22},"end":{"line":20,"column":38}},"loc":{"start":{"line":20,"column":66},"end":{"line":30,"column":1}}},"2":{"name":"getCredentialById","decl":{"start":{"line":32,"column":22},"end":{"line":32,"column":39}},"loc":{"start":{"line":32,"column":67},"end":{"line":45,"column":1}}},"3":{"name":"deleteCredentialById","decl":{"start":{"line":47,"column":22},"end":{"line":47,"column":42}},"loc":{"start":{"line":47,"column":70},"end":{"line":60,"column":1}}}},"branchMap":{"0":{"loc":{"start":{"line":13,"column":8},"end":{"line":15,"column":null}},"type":"if","locations":[{"start":{"line":13,"column":8},"end":{"line":15,"column":null}}]},"1":{"loc":{"start":{"line":40,"column":8},"end":{"line":42,"column":null}},"type":"if","locations":[{"start":{"line":40,"column":8},"end":{"line":42,"column":null}}]},"2":{"loc":{"start":{"line":55,"column":8},"end":{"line":57,"column":null}},"type":"if","locations":[{"start":{"line":55,"column":8},"end":{"line":57,"column":null}}]}},"s":{"0":3,"1":2,"2":2,"3":2,"4":2,"5":1,"6":1,"7":1,"8":1,"9":3,"10":1,"11":1,"12":1,"13":1,"14":0,"15":3,"16":2,"17":2,"18":2,"19":2,"20":0,"21":2,"22":2,"23":2,"24":3,"25":2,"26":2,"27":2,"28":2,"29":0,"30":2,"31":2,"32":2,"33":3},"f":{"0":2,"1":1,"2":2,"3":2},"b":{"0":[1],"1":[2],"2":[2]}}
,"/home/lucas/Área de Trabalho/projetos/Módulo 5/projeto-drivenpass/src/controllers/network-controller.ts": {"path":"/home/lucas/Área de Trabalho/projetos/Módulo 5/projeto-drivenpass/src/controllers/network-controller.ts","statementMap":{"0":{"start":{"line":2,"column":0},"end":{"line":2,"column":61}},"1":{"start":{"line":5,"column":41},"end":{"line":5,"column":59}},"2":{"start":{"line":6,"column":19},"end":{"line":6,"column":36}},"3":{"start":{"line":8,"column":4},"end":{"line":15,"column":null}},"4":{"start":{"line":9,"column":21},"end":{"line":9,"column":82}},"5":{"start":{"line":11,"column":8},"end":{"line":11,"column":null}},"6":{"start":{"line":14,"column":8},"end":{"line":14,"column":null}},"7":{"start":{"line":4,"column":0},"end":{"line":4,"column":7}},"8":{"start":{"line":19,"column":19},"end":{"line":19,"column":36}},"9":{"start":{"line":21,"column":4},"end":{"line":27,"column":null}},"10":{"start":{"line":22,"column":24},"end":{"line":22,"column":66}},"11":{"start":{"line":24,"column":8},"end":{"line":24,"column":null}},"12":{"start":{"line":26,"column":8},"end":{"line":26,"column":null}},"13":{"start":{"line":18,"column":0},"end":{"line":18,"column":7}},"14":{"start":{"line":31,"column":15},"end":{"line":31,"column":36}},"15":{"start":{"line":32,"column":19},"end":{"line":32,"column":36}},"16":{"start":{"line":34,"column":4},"end":{"line":42,"column":null}},"17":{"start":{"line":35,"column":24},"end":{"line":35,"column":72}},"18":{"start":{"line":36,"column":8},"end":{"line":36,"column":null}},"19":{"start":{"line":38,"column":8},"end":{"line":40,"column":null}},"20":{"start":{"line":39,"column":12},"end":{"line":39,"column":null}},"21":{"start":{"line":41,"column":8},"end":{"line":41,"column":null}},"22":{"start":{"line":30,"column":0},"end":{"line":30,"column":7}},"23":{"start":{"line":46,"column":15},"end":{"line":46,"column":36}},"24":{"start":{"line":47,"column":19},"end":{"line":47,"column":36}},"25":{"start":{"line":49,"column":4},"end":{"line":57,"column":null}},"26":{"start":{"line":50,"column":24},"end":{"line":50,"column":74}},"27":{"start":{"line":51,"column":8},"end":{"line":51,"column":null}},"28":{"start":{"line":53,"column":8},"end":{"line":55,"column":null}},"29":{"start":{"line":54,"column":12},"end":{"line":54,"column":null}},"30":{"start":{"line":56,"column":8},"end":{"line":56,"column":null}},"31":{"start":{"line":45,"column":0},"end":{"line":45,"column":7}}},"fnMap":{"0":{"name":"createNetwork","decl":{"start":{"line":4,"column":22},"end":{"line":4,"column":35}},"loc":{"start":{"line":4,"column":63},"end":{"line":16,"column":1}}},"1":{"name":"getAllNetwork","decl":{"start":{"line":18,"column":22},"end":{"line":18,"column":35}},"loc":{"start":{"line":18,"column":63},"end":{"line":28,"column":1}}},"2":{"name":"getNetworklById","decl":{"start":{"line":30,"column":22},"end":{"line":30,"column":37}},"loc":{"start":{"line":30,"column":65},"end":{"line":43,"column":1}}},"3":{"name":"deleteNetworklById","decl":{"start":{"line":45,"column":22},"end":{"line":45,"column":40}},"loc":{"start":{"line":45,"column":68},"end":{"line":58,"column":1}}}},"branchMap":{"0":{"loc":{"start":{"line":38,"column":8},"end":{"line":40,"column":null}},"type":"if","locations":[{"start":{"line":38,"column":8},"end":{"line":40,"column":null}}]},"1":{"loc":{"start":{"line":53,"column":8},"end":{"line":55,"column":null}},"type":"if","locations":[{"start":{"line":53,"column":8},"end":{"line":55,"column":null}}]}},"s":{"0":3,"1":1,"2":1,"3":1,"4":1,"5":1,"6":0,"7":3,"8":1,"9":1,"10":1,"11":1,"12":0,"13":3,"14":2,"15":2,"16":2,"17":2,"18":0,"19":2,"20":2,"21":2,"22":3,"23":3,"24":3,"25":3,"26":3,"27":1,"28":2,"29":2,"30":2,"31":3},"f":{"0":1,"1":1,"2":2,"3":3},"b":{"0":[2],"1":[2]}}
,"/home/lucas/Área de Trabalho/projetos/Módulo 5/projeto-drivenpass/src/controllers/user-controller.ts": {"path":"/home/lucas/Área de Trabalho/projetos/Módulo 5/projeto-drivenpass/src/controllers/user-controller.ts","statementMap":{"0":{"start":{"line":2,"column":0},"end":{"line":2,"column":55}},"1":{"start":{"line":5,"column":32},"end":{"line":5,"column":47}},"2":{"start":{"line":6,"column":4},"end":{"line":17,"column":null}},"3":{"start":{"line":7,"column":21},"end":{"line":7,"column":66}},"4":{"start":{"line":8,"column":8},"end":{"line":11,"column":null}},"5":{"start":{"line":13,"column":8},"end":{"line":15,"column":null}},"6":{"start":{"line":14,"column":12},"end":{"line":14,"column":47}},"7":{"start":{"line":16,"column":8},"end":{"line":16,"column":null}},"8":{"start":{"line":4,"column":0},"end":{"line":4,"column":7}},"9":{"start":{"line":21,"column":32},"end":{"line":21,"column":47}},"10":{"start":{"line":22,"column":4},"end":{"line":31,"column":null}},"11":{"start":{"line":23,"column":22},"end":{"line":23,"column":63}},"12":{"start":{"line":24,"column":8},"end":{"line":24,"column":43}},"13":{"start":{"line":27,"column":8},"end":{"line":29,"column":null}},"14":{"start":{"line":28,"column":12},"end":{"line":28,"column":47}},"15":{"start":{"line":30,"column":8},"end":{"line":30,"column":null}},"16":{"start":{"line":20,"column":0},"end":{"line":20,"column":7}}},"fnMap":{"0":{"name":"userPost","decl":{"start":{"line":4,"column":22},"end":{"line":4,"column":30}},"loc":{"start":{"line":4,"column":58},"end":{"line":18,"column":1}}},"1":{"name":"userlogin","decl":{"start":{"line":20,"column":22},"end":{"line":20,"column":31}},"loc":{"start":{"line":20,"column":59},"end":{"line":32,"column":1}}}},"branchMap":{"0":{"loc":{"start":{"line":13,"column":8},"end":{"line":15,"column":null}},"type":"if","locations":[{"start":{"line":13,"column":8},"end":{"line":15,"column":null}}]},"1":{"loc":{"start":{"line":27,"column":8},"end":{"line":29,"column":null}},"type":"if","locations":[{"start":{"line":27,"column":8},"end":{"line":29,"column":null}}]}},"s":{"0":3,"1":2,"2":2,"3":2,"4":1,"5":1,"6":1,"7":0,"8":3,"9":3,"10":3,"11":3,"12":1,"13":2,"14":2,"15":0,"16":3},"f":{"0":2,"1":3},"b":{"0":[1],"1":[2]}}
,"/home/lucas/Área de Trabalho/projetos/Módulo 5/projeto-drivenpass/src/database/database.ts": {"path":"/home/lucas/Área de Trabalho/projetos/Módulo 5/projeto-drivenpass/src/database/database.ts","statementMap":{"0":{"start":{"line":1,"column":0},"end":{"line":1,"column":46}},"1":{"start":{"line":3,"column":15},"end":{"line":3,"column":33}},"2":{"start":{"line":5,"column":0},"end":{"line":5,"column":22}}},"fnMap":{},"branchMap":{},"s":{"0":3,"1":3,"2":3},"f":{},"b":{}}
,"/home/lucas/Área de Trabalho/projetos/Módulo 5/projeto-drivenpass/src/errors/errors.ts": {"path":"/home/lucas/Área de Trabalho/projetos/Módulo 5/projeto-drivenpass/src/errors/errors.ts","statementMap":{"0":{"start":{"line":4,"column":4},"end":{"line":7,"column":6}},"1":{"start":{"line":3,"column":0},"end":{"line":3,"column":16}},"2":{"start":{"line":11,"column":2},"end":{"line":14,"column":4}},"3":{"start":{"line":10,"column":0},"end":{"line":10,"column":16}},"4":{"start":{"line":18,"column":2},"end":{"line":21,"column":4}},"5":{"start":{"line":17,"column":0},"end":{"line":17,"column":16}},"6":{"start":{"line":25,"column":2},"end":{"line":28,"column":4}},"7":{"start":{"line":24,"column":0},"end":{"line":24,"column":16}}},"fnMap":{"0":{"name":"duplicatedEmailError","decl":{"start":{"line":3,"column":16},"end":{"line":3,"column":36}},"loc":{"start":{"line":3,"column":36},"end":{"line":8,"column":3}}},"1":{"name":"invalidCredentialsError","decl":{"start":{"line":10,"column":16},"end":{"line":10,"column":39}},"loc":{"start":{"line":10,"column":39},"end":{"line":15,"column":1}}},"2":{"name":"titleAlreadyInUse","decl":{"start":{"line":17,"column":16},"end":{"line":17,"column":33}},"loc":{"start":{"line":17,"column":33},"end":{"line":22,"column":1}}},"3":{"name":"idError","decl":{"start":{"line":24,"column":16},"end":{"line":24,"column":23}},"loc":{"start":{"line":24,"column":23},"end":{"line":29,"column":1}}}},"branchMap":{},"s":{"0":2,"1":3,"2":4,"3":3,"4":2,"5":3,"6":13,"7":3},"f":{"0":2,"1":4,"2":2,"3":13},"b":{}}
,"/home/lucas/Área de Trabalho/projetos/Módulo 5/projeto-drivenpass/src/middlewares/validation-middleware.ts": {"path":"/home/lucas/Área de Trabalho/projetos/Módulo 5/projeto-drivenpass/src/middlewares/validation-middleware.ts","statementMap":{"0":{"start":{"line":2,"column":0},"end":{"line":2,"column":103}},"1":{"start":{"line":5,"column":17},"end":{"line":5,"column":25}},"2":{"start":{"line":7,"column":22},"end":{"line":7,"column":80}},"3":{"start":{"line":8,"column":4},"end":{"line":11,"column":null}},"4":{"start":{"line":9,"column":23},"end":{"line":9,"column":68}},"5":{"start":{"line":9,"column":53},"end":{"line":9,"column":67}},"6":{"start":{"line":10,"column":8},"end":{"line":10,"column":44}},"7":{"start":{"line":13,"column":4},"end":{"line":13,"column":27}},"8":{"start":{"line":14,"column":4},"end":{"line":14,"column":11}},"9":{"start":{"line":4,"column":0},"end":{"line":4,"column":16}},"10":{"start":{"line":18,"column":23},"end":{"line":18,"column":31}},"11":{"start":{"line":20,"column":22},"end":{"line":20,"column":86}},"12":{"start":{"line":21,"column":4},"end":{"line":24,"column":null}},"13":{"start":{"line":22,"column":23},"end":{"line":22,"column":68}},"14":{"start":{"line":22,"column":53},"end":{"line":22,"column":67}},"15":{"start":{"line":23,"column":8},"end":{"line":23,"column":44}},"16":{"start":{"line":26,"column":4},"end":{"line":26,"column":39}},"17":{"start":{"line":27,"column":4},"end":{"line":27,"column":11}},"18":{"start":{"line":17,"column":0},"end":{"line":17,"column":16}},"19":{"start":{"line":31,"column":20},"end":{"line":31,"column":28}},"20":{"start":{"line":33,"column":22},"end":{"line":33,"column":83}},"21":{"start":{"line":34,"column":4},"end":{"line":37,"column":null}},"22":{"start":{"line":35,"column":23},"end":{"line":35,"column":68}},"23":{"start":{"line":35,"column":53},"end":{"line":35,"column":67}},"24":{"start":{"line":36,"column":8},"end":{"line":36,"column":44}},"25":{"start":{"line":39,"column":4},"end":{"line":39,"column":33}},"26":{"start":{"line":40,"column":4},"end":{"line":40,"column":11}},"27":{"start":{"line":30,"column":0},"end":{"line":30,"column":16}}},"fnMap":{"0":{"name":"validateBody","decl":{"start":{"line":4,"column":16},"end":{"line":4,"column":28}},"loc":{"start":{"line":4,"column":76},"end":{"line":15,"column":1}}},"1":{"name":"(anonymous_1)","decl":{"start":{"line":9,"column":41},"end":{"line":9,"column":42}},"loc":{"start":{"line":9,"column":53},"end":{"line":9,"column":67}}},"2":{"name":"validateBodyCredential","decl":{"start":{"line":17,"column":16},"end":{"line":17,"column":38}},"loc":{"start":{"line":17,"column":86},"end":{"line":28,"column":1}}},"3":{"name":"(anonymous_3)","decl":{"start":{"line":22,"column":41},"end":{"line":22,"column":42}},"loc":{"start":{"line":22,"column":53},"end":{"line":22,"column":67}}},"4":{"name":"validateBodyNetwork","decl":{"start":{"line":30,"column":16},"end":{"line":30,"column":35}},"loc":{"start":{"line":30,"column":83},"end":{"line":41,"column":1}}},"5":{"name":"(anonymous_5)","decl":{"start":{"line":35,"column":41},"end":{"line":35,"column":42}},"loc":{"start":{"line":35,"column":53},"end":{"line":35,"column":67}}}},"branchMap":{"0":{"loc":{"start":{"line":8,"column":4},"end":{"line":11,"column":null}},"type":"if","locations":[{"start":{"line":8,"column":4},"end":{"line":11,"column":null}}]},"1":{"loc":{"start":{"line":21,"column":4},"end":{"line":24,"column":null}},"type":"if","locations":[{"start":{"line":21,"column":4},"end":{"line":24,"column":null}}]},"2":{"loc":{"start":{"line":34,"column":4},"end":{"line":37,"column":null}},"type":"if","locations":[{"start":{"line":34,"column":4},"end":{"line":37,"column":null}}]}},"s":{"0":3,"1":7,"2":7,"3":7,"4":2,"5":3,"6":2,"7":5,"8":5,"9":3,"10":3,"11":3,"12":3,"13":1,"14":4,"15":1,"16":2,"17":2,"18":3,"19":2,"20":2,"21":2,"22":1,"23":3,"24":1,"25":1,"26":1,"27":3},"f":{"0":7,"1":3,"2":3,"3":4,"4":2,"5":3},"b":{"0":[2],"1":[1],"2":[1]}}
,"/home/lucas/Área de Trabalho/projetos/Módulo 5/projeto-drivenpass/src/middlewares/validationToken-middleware.ts": {"path":"/home/lucas/Área de Trabalho/projetos/Módulo 5/projeto-drivenpass/src/middlewares/validationToken-middleware.ts","statementMap":{"0":{"start":{"line":2,"column":0},"end":{"line":2,"column":36}},"1":{"start":{"line":3,"column":0},"end":{"line":3,"column":44}},"2":{"start":{"line":6,"column":23},"end":{"line":6,"column":50}},"3":{"start":{"line":7,"column":4},"end":{"line":7,"column":96}},"4":{"start":{"line":7,"column":21},"end":{"line":7,"column":96}},"5":{"start":{"line":9,"column":18},"end":{"line":9,"column":42}},"6":{"start":{"line":10,"column":4},"end":{"line":10,"column":92}},"7":{"start":{"line":10,"column":16},"end":{"line":10,"column":92}},"8":{"start":{"line":11,"column":4},"end":{"line":30,"column":null}},"9":{"start":{"line":13,"column":25},"end":{"line":13,"column":81}},"10":{"start":{"line":15,"column":22},"end":{"line":19,"column":8}},"11":{"start":{"line":21,"column":6},"end":{"line":21,"column":95}},"12":{"start":{"line":21,"column":20},"end":{"line":21,"column":95}},"13":{"start":{"line":23,"column":6},"end":{"line":23,"column":33}},"14":{"start":{"line":24,"column":6},"end":{"line":24,"column":13}},"15":{"start":{"line":26,"column":6},"end":{"line":28,"column":null}},"16":{"start":{"line":27,"column":8},"end":{"line":27,"column":83}},"17":{"start":{"line":5,"column":0},"end":{"line":5,"column":7}}},"fnMap":{"0":{"name":"authenticateToken","decl":{"start":{"line":5,"column":22},"end":{"line":5,"column":39}},"loc":{"start":{"line":5,"column":87},"end":{"line":31,"column":3}}}},"branchMap":{"0":{"loc":{"start":{"line":7,"column":4},"end":{"line":7,"column":96}},"type":"if","locations":[{"start":{"line":7,"column":4},"end":{"line":7,"column":96}}]},"1":{"loc":{"start":{"line":10,"column":4},"end":{"line":10,"column":92}},"type":"if","locations":[{"start":{"line":10,"column":4},"end":{"line":10,"column":92}}]},"2":{"loc":{"start":{"line":21,"column":6},"end":{"line":21,"column":95}},"type":"if","locations":[{"start":{"line":21,"column":6},"end":{"line":21,"column":95}}]},"3":{"loc":{"start":{"line":26,"column":6},"end":{"line":28,"column":null}},"type":"if","locations":[{"start":{"line":26,"column":6},"end":{"line":28,"column":null}}]}},"s":{"0":3,"1":3,"2":22,"3":22,"4":1,"5":21,"6":21,"7":1,"8":20,"9":20,"10":18,"11":18,"12":2,"13":16,"14":16,"15":2,"16":2,"17":3},"f":{"0":22},"b":{"0":[1],"1":[1],"2":[2],"3":[2]}}
,"/home/lucas/Área de Trabalho/projetos/Módulo 5/projeto-drivenpass/src/repositories/credential-repository.ts": {"path":"/home/lucas/Área de Trabalho/projetos/Módulo 5/projeto-drivenpass/src/repositories/credential-repository.ts","statementMap":{"0":{"start":{"line":1,"column":0},"end":{"line":1,"column":41}},"1":{"start":{"line":4,"column":23},"end":{"line":12,"column":6}},"2":{"start":{"line":13,"column":4},"end":{"line":13,"column":null}},"3":{"start":{"line":17,"column":23},"end":{"line":22,"column":6}},"4":{"start":{"line":24,"column":4},"end":{"line":24,"column":null}},"5":{"start":{"line":29,"column":23},"end":{"line":33,"column":6}},"6":{"start":{"line":34,"column":4},"end":{"line":34,"column":null}},"7":{"start":{"line":38,"column":23},"end":{"line":43,"column":6}},"8":{"start":{"line":44,"column":4},"end":{"line":44,"column":null}},"9":{"start":{"line":48,"column":23},"end":{"line":48,"column":72}},"10":{"start":{"line":49,"column":4},"end":{"line":49,"column":null}},"11":{"start":{"line":52,"column":13},"end":{"line":58,"column":null}}},"fnMap":{"0":{"name":"create","decl":{"start":{"line":3,"column":15},"end":{"line":3,"column":21}},"loc":{"start":{"line":3,"column":100},"end":{"line":14,"column":1}}},"1":{"name":"findByid","decl":{"start":{"line":16,"column":15},"end":{"line":16,"column":23}},"loc":{"start":{"line":16,"column":53},"end":{"line":26,"column":1}}},"2":{"name":"findAllCredential","decl":{"start":{"line":28,"column":15},"end":{"line":28,"column":32}},"loc":{"start":{"line":28,"column":47},"end":{"line":35,"column":1}}},"3":{"name":"getCredentialById","decl":{"start":{"line":37,"column":15},"end":{"line":37,"column":32}},"loc":{"start":{"line":37,"column":43},"end":{"line":45,"column":1}}},"4":{"name":"deleteCredentialById","decl":{"start":{"line":47,"column":15},"end":{"line":47,"column":35}},"loc":{"start":{"line":47,"column":46},"end":{"line":50,"column":1}}}},"branchMap":{},"s":{"0":3,"1":1,"2":1,"3":2,"4":2,"5":1,"6":1,"7":4,"8":4,"9":0,"10":0,"11":3},"f":{"0":1,"1":2,"2":1,"3":4,"4":0},"b":{}}
,"/home/lucas/Área de Trabalho/projetos/Módulo 5/projeto-drivenpass/src/repositories/network-repository.ts": {"path":"/home/lucas/Área de Trabalho/projetos/Módulo 5/projeto-drivenpass/src/repositories/network-repository.ts","statementMap":{"0":{"start":{"line":1,"column":0},"end":{"line":1,"column":41}},"1":{"start":{"line":4,"column":23},"end":{"line":11,"column":6}},"2":{"start":{"line":12,"column":4},"end":{"line":12,"column":null}},"3":{"start":{"line":16,"column":20},"end":{"line":20,"column":6}},"4":{"start":{"line":21,"column":4},"end":{"line":21,"column":null}},"5":{"start":{"line":25,"column":20},"end":{"line":30,"column":6}},"6":{"start":{"line":31,"column":4},"end":{"line":31,"column":null}},"7":{"start":{"line":35,"column":20},"end":{"line":35,"column":66}},"8":{"start":{"line":36,"column":4},"end":{"line":36,"column":null}},"9":{"start":{"line":39,"column":13},"end":{"line":44,"column":null}}},"fnMap":{"0":{"name":"create","decl":{"start":{"line":3,"column":15},"end":{"line":3,"column":21}},"loc":{"start":{"line":3,"column":86},"end":{"line":13,"column":1}}},"1":{"name":"findAllNetwork","decl":{"start":{"line":15,"column":15},"end":{"line":15,"column":29}},"loc":{"start":{"line":15,"column":44},"end":{"line":22,"column":1}}},"2":{"name":"getNetworklById","decl":{"start":{"line":24,"column":15},"end":{"line":24,"column":30}},"loc":{"start":{"line":24,"column":41},"end":{"line":32,"column":1}}},"3":{"name":"deleteNetworkById","decl":{"start":{"line":34,"column":15},"end":{"line":34,"column":32}},"loc":{"start":{"line":34,"column":43},"end":{"line":37,"column":1}}}},"branchMap":{},"s":{"0":3,"1":1,"2":1,"3":1,"4":1,"5":5,"6":5,"7":1,"8":1,"9":3},"f":{"0":1,"1":1,"2":5,"3":1},"b":{}}
,"/home/lucas/Área de Trabalho/projetos/Módulo 5/projeto-drivenpass/src/repositories/sesseion-repository.ts": {"path":"/home/lucas/Área de Trabalho/projetos/Módulo 5/projeto-drivenpass/src/repositories/sesseion-repository.ts","statementMap":{"0":{"start":{"line":1,"column":0},"end":{"line":1,"column":42}},"1":{"start":{"line":4,"column":2},"end":{"line":9,"column":null}},"2":{"start":{"line":12,"column":26},"end":{"line":14,"column":2}},"3":{"start":{"line":16,"column":0},"end":{"line":16,"column":33}}},"fnMap":{"0":{"name":"create","decl":{"start":{"line":3,"column":15},"end":{"line":3,"column":21}},"loc":{"start":{"line":3,"column":51},"end":{"line":10,"column":1}}}},"branchMap":{},"s":{"0":3,"1":1,"2":3,"3":3},"f":{"0":1},"b":{}}
,"/home/lucas/Área de Trabalho/projetos/Módulo 5/projeto-drivenpass/src/repositories/user-repository.ts": {"path":"/home/lucas/Área de Trabalho/projetos/Módulo 5/projeto-drivenpass/src/repositories/user-repository.ts","statementMap":{"0":{"start":{"line":1,"column":0},"end":{"line":1,"column":42}},"1":{"start":{"line":4,"column":2},"end":{"line":9,"column":5}},"2":{"start":{"line":13,"column":20},"end":{"line":22,"column":4}},"3":{"start":{"line":23,"column":2},"end":{"line":23,"column":null}},"4":{"start":{"line":26,"column":13},"end":{"line":29,"column":2}}},"fnMap":{"0":{"name":"create","decl":{"start":{"line":3,"column":15},"end":{"line":3,"column":21}},"loc":{"start":{"line":3,"column":53},"end":{"line":10,"column":1}}},"1":{"name":"findByEmail","decl":{"start":{"line":12,"column":15},"end":{"line":12,"column":26}},"loc":{"start":{"line":12,"column":40},"end":{"line":24,"column":1}}}},"branchMap":{},"s":{"0":3,"1":1,"2":5,"3":5,"4":3},"f":{"0":1,"1":5},"b":{}}
,"/home/lucas/Área de Trabalho/projetos/Módulo 5/projeto-drivenpass/src/routers/credential-router.ts": {"path":"/home/lucas/Área de Trabalho/projetos/Módulo 5/projeto-drivenpass/src/routers/credential-router.ts","statementMap":{"0":{"start":{"line":1,"column":0},"end":{"line":1,"column":33}},"1":{"start":{"line":2,"column":0},"end":{"line":2,"column":131}},"2":{"start":{"line":3,"column":0},"end":{"line":3,"column":78}},"3":{"start":{"line":4,"column":0},"end":{"line":4,"column":78}},"4":{"start":{"line":6,"column":25},"end":{"line":6,"column":33}},"5":{"start":{"line":13,"column":9},"end":{"line":13,"column":25}},"6":{"start":{"line":8,"column":0},"end":{"line":8,"column":95}},"7":{"start":{"line":9,"column":0},"end":{"line":9,"column":71}},"8":{"start":{"line":10,"column":0},"end":{"line":10,"column":76}},"9":{"start":{"line":11,"column":0},"end":{"line":11,"column":82}}},"fnMap":{},"branchMap":{},"s":{"0":3,"1":3,"2":3,"3":3,"4":3,"5":3,"6":3,"7":3,"8":3,"9":3},"f":{},"b":{}}
,"/home/lucas/Área de Trabalho/projetos/Módulo 5/projeto-drivenpass/src/routers/network-router.ts": {"path":"/home/lucas/Área de Trabalho/projetos/Módulo 5/projeto-drivenpass/src/routers/network-router.ts","statementMap":{"0":{"start":{"line":1,"column":0},"end":{"line":1,"column":33}},"1":{"start":{"line":2,"column":0},"end":{"line":2,"column":119}},"2":{"start":{"line":3,"column":0},"end":{"line":3,"column":75}},"3":{"start":{"line":4,"column":0},"end":{"line":4,"column":78}},"4":{"start":{"line":6,"column":23},"end":{"line":6,"column":31}},"5":{"start":{"line":13,"column":9},"end":{"line":13,"column":23}},"6":{"start":{"line":8,"column":0},"end":{"line":8,"column":85}},"7":{"start":{"line":9,"column":0},"end":{"line":9,"column":64}},"8":{"start":{"line":10,"column":0},"end":{"line":10,"column":70}},"9":{"start":{"line":11,"column":0},"end":{"line":11,"column":76}}},"fnMap":{},"branchMap":{},"s":{"0":3,"1":3,"2":3,"3":3,"4":3,"5":3,"6":3,"7":3,"8":3,"9":3},"f":{},"b":{}}
,"/home/lucas/Área de Trabalho/projetos/Módulo 5/projeto-drivenpass/src/routers/user-router.ts": {"path":"/home/lucas/Área de Trabalho/projetos/Módulo 5/projeto-drivenpass/src/routers/user-router.ts","statementMap":{"0":{"start":{"line":1,"column":0},"end":{"line":1,"column":33}},"1":{"start":{"line":2,"column":0},"end":{"line":2,"column":69}},"2":{"start":{"line":3,"column":0},"end":{"line":3,"column":68}},"3":{"start":{"line":5,"column":20},"end":{"line":5,"column":28}},"4":{"start":{"line":10,"column":9},"end":{"line":10,"column":20}},"5":{"start":{"line":7,"column":0},"end":{"line":7,"column":48}},"6":{"start":{"line":8,"column":0},"end":{"line":8,"column":50}}},"fnMap":{},"branchMap":{},"s":{"0":3,"1":3,"2":3,"3":3,"4":3,"5":3,"6":3},"f":{},"b":{}}
,"/home/lucas/Área de Trabalho/projetos/Módulo 5/projeto-drivenpass/src/schemas/user-schema.ts": {"path":"/home/lucas/Área de Trabalho/projetos/Módulo 5/projeto-drivenpass/src/schemas/user-schema.ts","statementMap":{"0":{"start":{"line":1,"column":0},"end":{"line":1,"column":22}},"1":{"start":{"line":3,"column":13},"end":{"line":6,"column":3}},"2":{"start":{"line":8,"column":13},"end":{"line":13,"column":3}},"3":{"start":{"line":15,"column":13},"end":{"line":19,"column":3}}},"fnMap":{},"branchMap":{},"s":{"0":3,"1":3,"2":3,"3":3},"f":{},"b":{}}
,"/home/lucas/Área de Trabalho/projetos/Módulo 5/projeto-drivenpass/src/services/credential-service.ts": {"path":"/home/lucas/Área de Trabalho/projetos/Módulo 5/projeto-drivenpass/src/services/credential-service.ts","statementMap":{"0":{"start":{"line":1,"column":0},"end":{"line":1,"column":28}},"1":{"start":{"line":2,"column":0},"end":{"line":2,"column":62}},"2":{"start":{"line":3,"column":0},"end":{"line":3,"column":77}},"3":{"start":{"line":6,"column":4},"end":{"line":6,"column":null}},"4":{"start":{"line":8,"column":19},"end":{"line":8,"column":58}},"5":{"start":{"line":9,"column":27},"end":{"line":9,"column":51}},"6":{"start":{"line":10,"column":4},"end":{"line":16,"column":6}},"7":{"start":{"line":5,"column":0},"end":{"line":5,"column":7}},"8":{"start":{"line":20,"column":24},"end":{"line":20,"column":74}},"9":{"start":{"line":21,"column":4},"end":{"line":23,"column":null}},"10":{"start":{"line":22,"column":8},"end":{"line":22,"column":14}},"11":{"start":{"line":24,"column":4},"end":{"line":26,"column":null}},"12":{"start":{"line":25,"column":8},"end":{"line":25,"column":null}},"13":{"start":{"line":30,"column":21},"end":{"line":30,"column":73}},"14":{"start":{"line":31,"column":19},"end":{"line":31,"column":58}},"15":{"start":{"line":32,"column":4},"end":{"line":34,"column":null}},"16":{"start":{"line":32,"column":17},"end":{"line":32,"column":18}},"17":{"start":{"line":33,"column":8},"end":{"line":33,"column":null}},"18":{"start":{"line":35,"column":4},"end":{"line":35,"column":null}},"19":{"start":{"line":39,"column":21},"end":{"line":39,"column":69}},"20":{"start":{"line":40,"column":4},"end":{"line":42,"column":null}},"21":{"start":{"line":41,"column":8},"end":{"line":41,"column":null}},"22":{"start":{"line":43,"column":4},"end":{"line":45,"column":null}},"23":{"start":{"line":44,"column":8},"end":{"line":44,"column":null}},"24":{"start":{"line":46,"column":19},"end":{"line":46,"column":58}},"25":{"start":{"line":47,"column":4},"end":{"line":47,"column":null}},"26":{"start":{"line":49,"column":4},"end":{"line":49,"column":null}},"27":{"start":{"line":53,"column":22},"end":{"line":53,"column":70}},"28":{"start":{"line":55,"column":4},"end":{"line":57,"column":null}},"29":{"start":{"line":56,"column":8},"end":{"line":56,"column":null}},"30":{"start":{"line":58,"column":4},"end":{"line":60,"column":null}},"31":{"start":{"line":59,"column":8},"end":{"line":59,"column":null}},"32":{"start":{"line":61,"column":22},"end":{"line":61,"column":73}},"33":{"start":{"line":62,"column":4},"end":{"line":62,"column":null}},"34":{"start":{"line":65,"column":13},"end":{"line":70,"column":null}}},"fnMap":{"0":{"name":"create","decl":{"start":{"line":5,"column":22},"end":{"line":5,"column":28}},"loc":{"start":{"line":5,"column":107},"end":{"line":17,"column":1}}},"1":{"name":"rulesCredential","decl":{"start":{"line":19,"column":15},"end":{"line":19,"column":30}},"loc":{"start":{"line":19,"column":60},"end":{"line":27,"column":1}}},"2":{"name":"getCredential","decl":{"start":{"line":29,"column":15},"end":{"line":29,"column":28}},"loc":{"start":{"line":29,"column":43},"end":{"line":36,"column":1}}},"3":{"name":"getCredentialById","decl":{"start":{"line":38,"column":15},"end":{"line":38,"column":32}},"loc":{"start":{"line":38,"column":57},"end":{"line":50,"column":1}}},"4":{"name":"deleteCredentialById","decl":{"start":{"line":52,"column":16},"end":{"line":52,"column":36}},"loc":{"start":{"line":52,"column":61},"end":{"line":63,"column":1}}}},"branchMap":{"0":{"loc":{"start":{"line":21,"column":4},"end":{"line":23,"column":null}},"type":"if","locations":[{"start":{"line":21,"column":4},"end":{"line":23,"column":null}}]},"1":{"loc":{"start":{"line":24,"column":4},"end":{"line":26,"column":null}},"type":"if","locations":[{"start":{"line":24,"column":4},"end":{"line":26,"column":null}}]},"2":{"loc":{"start":{"line":40,"column":4},"end":{"line":42,"column":null}},"type":"if","locations":[{"start":{"line":40,"column":4},"end":{"line":42,"column":null}}]},"3":{"loc":{"start":{"line":43,"column":4},"end":{"line":45,"column":null}},"type":"if","locations":[{"start":{"line":43,"column":4},"end":{"line":45,"column":null}}]},"4":{"loc":{"start":{"line":55,"column":4},"end":{"line":57,"column":null}},"type":"if","locations":[{"start":{"line":55,"column":4},"end":{"line":57,"column":null}}]},"5":{"loc":{"start":{"line":58,"column":4},"end":{"line":60,"column":null}},"type":"if","locations":[{"start":{"line":58,"column":4},"end":{"line":60,"column":null}}]}},"s":{"0":3,"1":3,"2":3,"3":2,"4":1,"5":1,"6":1,"7":3,"8":2,"9":2,"10":1,"11":1,"12":1,"13":1,"14":1,"15":1,"16":1,"17":0,"18":1,"19":2,"20":2,"21":1,"22":1,"23":1,"24":0,"25":0,"26":0,"27":2,"28":2,"29":1,"30":1,"31":1,"32":0,"33":0,"34":3},"f":{"0":2,"1":2,"2":1,"3":2,"4":2},"b":{"0":[1],"1":[1],"2":[1],"3":[1],"4":[1],"5":[1]}}
,"/home/lucas/Área de Trabalho/projetos/Módulo 5/projeto-drivenpass/src/services/network-service.ts": {"path":"/home/lucas/Área de Trabalho/projetos/Módulo 5/projeto-drivenpass/src/services/network-service.ts","statementMap":{"0":{"start":{"line":1,"column":0},"end":{"line":1,"column":28}},"1":{"start":{"line":2,"column":0},"end":{"line":2,"column":43}},"2":{"start":{"line":3,"column":0},"end":{"line":3,"column":71}},"3":{"start":{"line":7,"column":19},"end":{"line":7,"column":58}},"4":{"start":{"line":8,"column":27},"end":{"line":8,"column":51}},"5":{"start":{"line":9,"column":4},"end":{"line":14,"column":6}},"6":{"start":{"line":5,"column":0},"end":{"line":5,"column":7}},"7":{"start":{"line":18,"column":18},"end":{"line":18,"column":64}},"8":{"start":{"line":19,"column":19},"end":{"line":19,"column":58}},"9":{"start":{"line":20,"column":4},"end":{"line":22,"column":null}},"10":{"start":{"line":20,"column":17},"end":{"line":20,"column":18}},"11":{"start":{"line":21,"column":8},"end":{"line":21,"column":null}},"12":{"start":{"line":23,"column":4},"end":{"line":23,"column":null}},"13":{"start":{"line":27,"column":18},"end":{"line":27,"column":61}},"14":{"start":{"line":28,"column":4},"end":{"line":30,"column":null}},"15":{"start":{"line":29,"column":8},"end":{"line":29,"column":null}},"16":{"start":{"line":31,"column":4},"end":{"line":33,"column":null}},"17":{"start":{"line":32,"column":8},"end":{"line":32,"column":null}},"18":{"start":{"line":34,"column":19},"end":{"line":34,"column":58}},"19":{"start":{"line":35,"column":4},"end":{"line":35,"column":null}},"20":{"start":{"line":37,"column":4},"end":{"line":37,"column":null}},"21":{"start":{"line":41,"column":20},"end":{"line":41,"column":63}},"22":{"start":{"line":43,"column":4},"end":{"line":45,"column":null}},"23":{"start":{"line":44,"column":8},"end":{"line":44,"column":null}},"24":{"start":{"line":46,"column":4},"end":{"line":48,"column":null}},"25":{"start":{"line":47,"column":8},"end":{"line":47,"column":null}},"26":{"start":{"line":49,"column":4},"end":{"line":49,"column":null}},"27":{"start":{"line":54,"column":13},"end":{"line":59,"column":null}}},"fnMap":{"0":{"name":"create","decl":{"start":{"line":5,"column":22},"end":{"line":5,"column":28}},"loc":{"start":{"line":5,"column":93},"end":{"line":15,"column":1}}},"1":{"name":"getAllNetwork","decl":{"start":{"line":17,"column":15},"end":{"line":17,"column":28}},"loc":{"start":{"line":17,"column":43},"end":{"line":24,"column":1}}},"2":{"name":"getNetworklById","decl":{"start":{"line":26,"column":15},"end":{"line":26,"column":30}},"loc":{"start":{"line":26,"column":57},"end":{"line":38,"column":1}}},"3":{"name":"deleteNetworkById","decl":{"start":{"line":40,"column":15},"end":{"line":40,"column":32}},"loc":{"start":{"line":40,"column":59},"end":{"line":51,"column":1}}}},"branchMap":{"0":{"loc":{"start":{"line":28,"column":4},"end":{"line":30,"column":null}},"type":"if","locations":[{"start":{"line":28,"column":4},"end":{"line":30,"column":null}}]},"1":{"loc":{"start":{"line":31,"column":4},"end":{"line":33,"column":null}},"type":"if","locations":[{"start":{"line":31,"column":4},"end":{"line":33,"column":null}}]},"2":{"loc":{"start":{"line":43,"column":4},"end":{"line":45,"column":null}},"type":"if","locations":[{"start":{"line":43,"column":4},"end":{"line":45,"column":null}}]},"3":{"loc":{"start":{"line":46,"column":4},"end":{"line":48,"column":null}},"type":"if","locations":[{"start":{"line":46,"column":4},"end":{"line":48,"column":null}}]}},"s":{"0":3,"1":3,"2":3,"3":1,"4":1,"5":1,"6":3,"7":1,"8":1,"9":1,"10":1,"11":0,"12":1,"13":2,"14":2,"15":1,"16":1,"17":1,"18":0,"19":0,"20":0,"21":3,"22":3,"23":1,"24":2,"25":1,"26":1,"27":3},"f":{"0":1,"1":1,"2":2,"3":3},"b":{"0":[1],"1":[1],"2":[1],"3":[1]}}
,"/home/lucas/Área de Trabalho/projetos/Módulo 5/projeto-drivenpass/src/services/user-service.ts": {"path":"/home/lucas/Área de Trabalho/projetos/Módulo 5/projeto-drivenpass/src/services/user-service.ts","statementMap":{"0":{"start":{"line":1,"column":0},"end":{"line":1,"column":81}},"1":{"start":{"line":2,"column":0},"end":{"line":2,"column":28}},"2":{"start":{"line":3,"column":0},"end":{"line":3,"column":65}},"3":{"start":{"line":5,"column":0},"end":{"line":5,"column":31}},"4":{"start":{"line":6,"column":0},"end":{"line":6,"column":68}},"5":{"start":{"line":9,"column":4},"end":{"line":9,"column":null}},"6":{"start":{"line":11,"column":27},"end":{"line":11,"column":58}},"7":{"start":{"line":12,"column":4},"end":{"line":15,"column":6}},"8":{"start":{"line":8,"column":0},"end":{"line":8,"column":7}},"9":{"start":{"line":19,"column":30},"end":{"line":19,"column":69}},"10":{"start":{"line":21,"column":4},"end":{"line":23,"column":null}},"11":{"start":{"line":22,"column":8},"end":{"line":22,"column":37}},"12":{"start":{"line":28,"column":17},"end":{"line":28,"column":43}},"13":{"start":{"line":30,"column":4},"end":{"line":30,"column":58}},"14":{"start":{"line":32,"column":18},"end":{"line":32,"column":46}},"15":{"start":{"line":34,"column":4},"end":{"line":34,"column":null}},"16":{"start":{"line":38,"column":17},"end":{"line":38,"column":56}},"17":{"start":{"line":39,"column":4},"end":{"line":39,"column":47}},"18":{"start":{"line":39,"column":15},"end":{"line":39,"column":47}},"19":{"start":{"line":41,"column":4},"end":{"line":41,"column":16}},"20":{"start":{"line":45,"column":28},"end":{"line":45,"column":72}},"21":{"start":{"line":46,"column":4},"end":{"line":46,"column":58}},"22":{"start":{"line":46,"column":26},"end":{"line":46,"column":58}},"23":{"start":{"line":50,"column":18},"end":{"line":50,"column":62}},"24":{"start":{"line":52,"column":4},"end":{"line":55,"column":6}},"25":{"start":{"line":59,"column":13},"end":{"line":62,"column":null}}},"fnMap":{"0":{"name":"createUser","decl":{"start":{"line":8,"column":22},"end":{"line":8,"column":32}},"loc":{"start":{"line":8,"column":64},"end":{"line":16,"column":1}}},"1":{"name":"uniqueEmail","decl":{"start":{"line":18,"column":15},"end":{"line":18,"column":26}},"loc":{"start":{"line":18,"column":40},"end":{"line":24,"column":1}}},"2":{"name":"signIn","decl":{"start":{"line":26,"column":15},"end":{"line":26,"column":21}},"loc":{"start":{"line":26,"column":53},"end":{"line":35,"column":1}}},"3":{"name":"getUserOrFail","decl":{"start":{"line":37,"column":15},"end":{"line":37,"column":28}},"loc":{"start":{"line":37,"column":42},"end":{"line":42,"column":1}}},"4":{"name":"validatePasswordOrFail","decl":{"start":{"line":44,"column":15},"end":{"line":44,"column":37}},"loc":{"start":{"line":44,"column":76},"end":{"line":47,"column":1}}},"5":{"name":"createSession","decl":{"start":{"line":49,"column":15},"end":{"line":49,"column":28}},"loc":{"start":{"line":49,"column":43},"end":{"line":57,"column":1}}}},"branchMap":{"0":{"loc":{"start":{"line":21,"column":4},"end":{"line":23,"column":null}},"type":"if","locations":[{"start":{"line":21,"column":4},"end":{"line":23,"column":null}}]},"1":{"loc":{"start":{"line":39,"column":4},"end":{"line":39,"column":47}},"type":"if","locations":[{"start":{"line":39,"column":4},"end":{"line":39,"column":47}}]},"2":{"loc":{"start":{"line":46,"column":4},"end":{"line":46,"column":58}},"type":"if","locations":[{"start":{"line":46,"column":4},"end":{"line":46,"column":58}}]}},"s":{"0":3,"1":3,"2":3,"3":3,"4":3,"5":2,"6":1,"7":1,"8":3,"9":2,"10":2,"11":1,"12":3,"13":2,"14":1,"15":1,"16":3,"17":3,"18":1,"19":2,"20":2,"21":2,"22":1,"23":1,"24":1,"25":3},"f":{"0":2,"1":2,"2":3,"3":3,"4":2,"5":1},"b":{"0":[1],"1":[1],"2":[1]}}
,"/home/lucas/Área de Trabalho/projetos/Módulo 5/projeto-drivenpass/tests/factories/credential.factori.ts": {"path":"/home/lucas/Área de Trabalho/projetos/Módulo 5/projeto-drivenpass/tests/factories/credential.factori.ts","statementMap":{"0":{"start":{"line":1,"column":0},"end":{"line":1,"column":59}},"1":{"start":{"line":3,"column":0},"end":{"line":3,"column":36}},"2":{"start":{"line":4,"column":0},"end":{"line":4,"column":39}},"3":{"start":{"line":7,"column":25},"end":{"line":7,"column":29}},"4":{"start":{"line":8,"column":18},"end":{"line":8,"column":79}},"5":{"start":{"line":10,"column":4},"end":{"line":10,"column":31}},"6":{"start":{"line":12,"column":4},"end":{"line":12,"column":17}},"7":{"start":{"line":6,"column":0},"end":{"line":6,"column":7}},"8":{"start":{"line":27,"column":23},"end":{"line":35,"column":6}},"9":{"start":{"line":36,"column":4},"end":{"line":36,"column":null}},"10":{"start":{"line":26,"column":0},"end":{"line":26,"column":7}}},"fnMap":{"0":{"name":"generateValidToken","decl":{"start":{"line":6,"column":22},"end":{"line":6,"column":40}},"loc":{"start":{"line":6,"column":52},"end":{"line":13,"column":1}}},"1":{"name":"createCredential","decl":{"start":{"line":26,"column":22},"end":{"line":26,"column":38}},"loc":{"start":{"line":26,"column":117},"end":{"line":37,"column":1}}}},"branchMap":{},"s":{"0":2,"1":2,"2":2,"3":18,"4":18,"5":18,"6":18,"7":2,"8":5,"9":5,"10":2},"f":{"0":18,"1":5},"b":{}}
,"/home/lucas/Área de Trabalho/projetos/Módulo 5/projeto-drivenpass/tests/factories/network.factori.ts": {"path":"/home/lucas/Área de Trabalho/projetos/Módulo 5/projeto-drivenpass/tests/factories/network.factori.ts","statementMap":{"0":{"start":{"line":1,"column":0},"end":{"line":1,"column":38}},"1":{"start":{"line":4,"column":23},"end":{"line":11,"column":6}},"2":{"start":{"line":12,"column":4},"end":{"line":12,"column":null}},"3":{"start":{"line":3,"column":0},"end":{"line":3,"column":7}}},"fnMap":{"0":{"name":"createNetwork","decl":{"start":{"line":3,"column":22},"end":{"line":3,"column":35}},"loc":{"start":{"line":3,"column":100},"end":{"line":13,"column":1}}}},"branchMap":{},"s":{"0":1,"1":5,"2":5,"3":1},"f":{"0":5},"b":{}}
,"/home/lucas/Área de Trabalho/projetos/Módulo 5/projeto-drivenpass/tests/factories/user.factori.ts": {"path":"/home/lucas/Área de Trabalho/projetos/Módulo 5/projeto-drivenpass/tests/factories/user.factori.ts","statementMap":{"0":{"start":{"line":1,"column":0},"end":{"line":1,"column":48}},"1":{"start":{"line":2,"column":0},"end":{"line":2,"column":28}},"2":{"start":{"line":3,"column":0},"end":{"line":3,"column":38}},"3":{"start":{"line":15,"column":27},"end":{"line":15,"column":73}},"4":{"start":{"line":16,"column":25},"end":{"line":16,"column":64}},"5":{"start":{"line":18,"column":2},"end":{"line":23,"column":5}},"6":{"start":{"line":14,"column":0},"end":{"line":14,"column":7}},"7":{"start":{"line":29,"column":15},"end":{"line":29,"column":33}},"8":{"start":{"line":31,"column":2},"end":{"line":36,"column":5}},"9":{"start":{"line":28,"column":0},"end":{"line":28,"column":7}}},"fnMap":{"0":{"name":"createUser","decl":{"start":{"line":14,"column":22},"end":{"line":14,"column":32}},"loc":{"start":{"line":14,"column":59},"end":{"line":24,"column":1}}},"1":{"name":"createSession","decl":{"start":{"line":28,"column":22},"end":{"line":28,"column":35}},"loc":{"start":{"line":28,"column":49},"end":{"line":37,"column":1}}}},"branchMap":{"0":{"loc":{"start":{"line":14,"column":33},"end":{"line":14,"column":59}},"type":"default-arg","locations":[{"start":{"line":14,"column":57},"end":{"line":14,"column":59}}]},"1":{"loc":{"start":{"line":15,"column":27},"end":{"line":15,"column":73}},"type":"binary-expr","locations":[{"start":{"line":15,"column":27},"end":{"line":15,"column":42}},{"start":{"line":15,"column":46},"end":{"line":15,"column":73}}]},"2":{"loc":{"start":{"line":20,"column":13},"end":{"line":20,"column":51}},"type":"binary-expr","locations":[{"start":{"line":20,"column":13},"end":{"line":20,"column":25}},{"start":{"line":20,"column":29},"end":{"line":20,"column":51}}]}},"s":{"0":3,"1":3,"2":3,"3":43,"4":43,"5":43,"6":3,"7":18,"8":18,"9":3},"f":{"0":43,"1":18},"b":{"0":[41],"1":[43,41],"2":[43,41]}}
}
