TN:
SF:app.ts
FN:15,(anonymous_14)
FN:15,(anonymous_15)
FNF:2
FNH:2
FNDA:1,(anonymous_14)
FNDA:1,(anonymous_15)
DA:1,2
DA:2,2
DA:3,2
DA:4,2
DA:5,2
DA:8,2
DA:9,2
DA:10,2
DA:11,2
DA:12,2
DA:13,2
DA:15,2
DA:16,1
DA:19,2
LF:14
LH:14
BRF:0
BRH:0
end_of_record
TN:
SF:controllers/credential-controller.ts
FN:4,createCredential
FN:20,getAllCredential
FN:32,getCredentialById
FN:47,deleteCredentialById
FNF:4
FNH:0
FNDA:0,createCredential
FNDA:0,getAllCredential
FNDA:0,getCredentialById
FNDA:0,deleteCredentialById
DA:2,2
DA:4,2
DA:5,0
DA:6,0
DA:8,0
DA:9,0
DA:11,0
DA:13,0
DA:14,0
DA:16,0
DA:20,2
DA:21,0
DA:23,0
DA:24,0
DA:26,0
DA:28,0
DA:32,2
DA:33,0
DA:34,0
DA:36,0
DA:37,0
DA:38,0
DA:40,0
DA:41,0
DA:43,0
DA:47,2
DA:48,0
DA:49,0
DA:51,0
DA:52,0
DA:53,0
DA:55,0
DA:56,0
DA:58,0
LF:34
LH:5
BRDA:13,0,0,0
BRDA:40,1,0,0
BRDA:55,2,0,0
BRF:3
BRH:0
end_of_record
TN:
SF:controllers/network-controller.ts
FN:4,createNetwork
FN:20,getAllNetwork
FN:32,getNetworklById
FN:47,deleteNetworklById
FNF:4
FNH:0
FNDA:0,createNetwork
FNDA:0,getAllNetwork
FNDA:0,getNetworklById
FNDA:0,deleteNetworklById
DA:2,2
DA:4,2
DA:5,0
DA:6,0
DA:8,0
DA:9,0
DA:11,0
DA:13,0
DA:14,0
DA:16,0
DA:20,2
DA:21,0
DA:23,0
DA:24,0
DA:26,0
DA:28,0
DA:32,2
DA:33,0
DA:34,0
DA:36,0
DA:37,0
DA:38,0
DA:40,0
DA:41,0
DA:43,0
DA:47,2
DA:48,0
DA:49,0
DA:51,0
DA:52,0
DA:53,0
DA:55,0
DA:56,0
DA:58,0
LF:34
LH:5
BRDA:13,0,0,0
BRDA:40,1,0,0
BRDA:55,2,0,0
BRF:3
BRH:0
end_of_record
TN:
SF:controllers/user-controller.ts
FN:4,userPost
FN:20,userlogin
FNF:2
FNH:2
FNDA:2,userPost
FNDA:2,userlogin
DA:2,2
DA:4,2
DA:5,2
DA:6,2
DA:7,2
DA:8,1
DA:13,1
DA:14,1
DA:16,0
DA:20,2
DA:21,2
DA:22,2
DA:23,2
DA:24,1
DA:27,1
DA:28,1
DA:30,0
LF:17
LH:15
BRDA:13,0,0,1
BRDA:27,1,0,1
BRF:2
BRH:2
end_of_record
TN:
SF:database/database.ts
FNF:0
FNH:0
DA:1,2
DA:3,2
DA:4,2
DA:6,2
LF:4
LH:4
BRF:0
BRH:0
end_of_record
TN:
SF:errors/errors.ts
FN:3,duplicatedEmailError
FN:10,invalidCredentialsError
FN:17,titleAlreadyInUse
FN:24,idError
FNF:4
FNH:2
FNDA:2,duplicatedEmailError
FNDA:2,invalidCredentialsError
FNDA:0,titleAlreadyInUse
FNDA:0,idError
DA:3,2
DA:4,2
DA:10,2
DA:11,2
DA:17,2
DA:18,0
DA:24,2
DA:25,0
LF:8
LH:6
BRF:0
BRH:0
end_of_record
TN:
SF:middlewares/validation-middleware.ts
FN:4,validateBody
FN:9,(anonymous_1)
FN:17,validateBodyCredential
FN:22,(anonymous_3)
FN:30,validateBodyNetwork
FN:35,(anonymous_5)
FNF:6
FNH:2
FNDA:6,validateBody
FNDA:3,(anonymous_1)
FNDA:0,validateBodyCredential
FNDA:0,(anonymous_3)
FNDA:0,validateBodyNetwork
FNDA:0,(anonymous_5)
DA:2,2
DA:4,2
DA:5,6
DA:7,6
DA:8,6
DA:9,3
DA:10,2
DA:13,4
DA:14,4
DA:17,2
DA:18,0
DA:20,0
DA:21,0
DA:22,0
DA:23,0
DA:26,0
DA:27,0
DA:30,2
DA:31,0
DA:33,0
DA:34,0
DA:35,0
DA:36,0
DA:39,0
DA:40,0
LF:25
LH:11
BRDA:8,0,0,2
BRDA:21,1,0,0
BRDA:34,2,0,0
BRF:3
BRH:1
end_of_record
TN:
SF:middlewares/validationToken-middleware.ts
FN:5,authenticateToken
FNF:1
FNH:1
FNDA:1,authenticateToken
DA:2,2
DA:3,2
DA:5,2
DA:6,1
DA:7,1
DA:9,0
DA:10,0
DA:12,0
DA:13,0
DA:14,0
DA:19,0
DA:21,0
DA:22,0
DA:24,0
LF:14
LH:5
BRDA:7,0,0,1
BRDA:10,1,0,0
BRDA:19,2,0,0
BRF:3
BRH:1
end_of_record
TN:
SF:repositories/credential-repository.ts
FN:3,create
FN:16,findByid
FN:28,findAllCredential
FN:37,getCredentialById
FN:47,deleteCredentialById
FNF:5
FNH:0
FNDA:0,create
FNDA:0,findByid
FNDA:0,findAllCredential
FNDA:0,getCredentialById
FNDA:0,deleteCredentialById
DA:1,2
DA:4,0
DA:13,0
DA:17,0
DA:24,0
DA:29,0
DA:34,0
DA:38,0
DA:44,0
DA:48,0
DA:49,0
DA:52,2
LF:12
LH:2
BRF:0
BRH:0
end_of_record
TN:
SF:repositories/network-repository.ts
FN:3,create
FN:15,findAllNetwork
FN:24,getNetworklById
FN:34,deleteNetworkById
FNF:4
FNH:0
FNDA:0,create
FNDA:0,findAllNetwork
FNDA:0,getNetworklById
FNDA:0,deleteNetworkById
DA:1,2
DA:4,0
DA:12,0
DA:16,0
DA:21,0
DA:25,0
DA:31,0
DA:35,0
DA:36,0
DA:39,2
LF:10
LH:2
BRF:0
BRH:0
end_of_record
TN:
SF:repositories/sesseion-repository.ts
FN:3,create
FNF:1
FNH:1
FNDA:1,create
DA:1,2
DA:4,1
DA:12,2
DA:16,2
LF:4
LH:4
BRF:0
BRH:0
end_of_record
TN:
SF:repositories/user-repository.ts
FN:3,create
FN:12,findByEmail
FNF:2
FNH:2
FNDA:1,create
FNDA:4,findByEmail
DA:1,2
DA:4,1
DA:13,4
DA:23,4
DA:26,2
LF:5
LH:5
BRF:0
BRH:0
end_of_record
TN:
SF:routers/credential-router.ts
FNF:0
FNH:0
DA:1,2
DA:2,2
DA:3,2
DA:4,2
DA:6,2
DA:8,2
DA:9,2
DA:10,2
DA:11,2
DA:13,2
LF:10
LH:10
BRF:0
BRH:0
end_of_record
TN:
SF:routers/network-router.ts
FNF:0
FNH:0
DA:1,2
DA:2,2
DA:3,2
DA:4,2
DA:6,2
DA:8,2
DA:9,2
DA:10,2
DA:11,2
DA:13,2
LF:10
LH:10
BRF:0
BRH:0
end_of_record
TN:
SF:routers/user-router.ts
FNF:0
FNH:0
DA:1,2
DA:2,2
DA:3,2
DA:5,2
DA:7,2
DA:8,2
DA:10,2
LF:7
LH:7
BRF:0
BRH:0
end_of_record
TN:
SF:schemas/user-schema.ts
FNF:0
FNH:0
DA:1,2
DA:3,2
DA:8,2
DA:15,2
LF:4
LH:4
BRF:0
BRH:0
end_of_record
TN:
SF:services/credential-service.ts
FN:5,create
FN:19,rulesCredential
FN:29,getCredential
FN:38,getCredentialById
FN:52,deleteCredentialById
FNF:5
FNH:0
FNDA:0,create
FNDA:0,rulesCredential
FNDA:0,getCredential
FNDA:0,getCredentialById
FNDA:0,deleteCredentialById
DA:1,2
DA:2,2
DA:3,2
DA:5,2
DA:6,0
DA:8,0
DA:9,0
DA:10,0
DA:20,0
DA:21,0
DA:22,0
DA:24,0
DA:25,0
DA:30,0
DA:31,0
DA:32,0
DA:33,0
DA:35,0
DA:39,0
DA:40,0
DA:41,0
DA:43,0
DA:44,0
DA:46,0
DA:47,0
DA:49,0
DA:53,0
DA:55,0
DA:56,0
DA:58,0
DA:59,0
DA:61,0
DA:62,0
DA:65,2
LF:34
LH:5
BRDA:21,0,0,0
BRDA:24,1,0,0
BRDA:40,2,0,0
BRDA:43,3,0,0
BRDA:55,4,0,0
BRDA:58,5,0,0
BRF:6
BRH:0
end_of_record
TN:
SF:services/network-service.ts
FN:5,create
FN:17,getAllNetwork
FN:26,getNetworklById
FN:40,deleteNetworkById
FNF:4
FNH:0
FNDA:0,create
FNDA:0,getAllNetwork
FNDA:0,getNetworklById
FNDA:0,deleteNetworkById
DA:1,2
DA:2,2
DA:3,2
DA:5,2
DA:7,0
DA:8,0
DA:9,0
DA:18,0
DA:19,0
DA:20,0
DA:21,0
DA:23,0
DA:27,0
DA:28,0
DA:29,0
DA:31,0
DA:32,0
DA:34,0
DA:35,0
DA:37,0
DA:41,0
DA:43,0
DA:44,0
DA:46,0
DA:47,0
DA:49,0
DA:54,2
LF:27
LH:5
BRDA:28,0,0,0
BRDA:31,1,0,0
BRDA:43,2,0,0
BRDA:46,3,0,0
BRF:4
BRH:0
end_of_record
TN:
SF:services/user-service.ts
FN:8,createUser
FN:18,uniqueEmail
FN:26,signIn
FN:37,getUserOrFail
FN:44,validatePasswordOrFail
FN:49,createSession
FNF:6
FNH:6
FNDA:2,createUser
FNDA:2,uniqueEmail
FNDA:2,signIn
FNDA:2,getUserOrFail
FNDA:1,validatePasswordOrFail
FNDA:1,createSession
DA:1,2
DA:2,2
DA:3,2
DA:5,2
DA:6,2
DA:8,2
DA:9,2
DA:11,1
DA:12,1
DA:19,2
DA:21,2
DA:22,1
DA:28,2
DA:30,1
DA:32,1
DA:34,1
DA:38,2
DA:39,2
DA:41,1
DA:45,1
DA:46,1
DA:50,1
DA:52,1
DA:58,2
LF:24
LH:24
BRDA:21,0,0,1
BRDA:39,1,0,1
BRDA:46,2,0,0
BRF:3
BRH:2
end_of_record
TN:
SF:../tests/factories/user.factori.ts
FN:14,createUser
FNF:1
FNH:1
FNDA:2,createUser
DA:1,1
DA:2,1
DA:3,1
DA:14,1
DA:15,2
DA:16,2
DA:18,2
LF:7
LH:7
BRDA:14,0,0,0
BRDA:15,1,0,2
BRDA:15,1,1,0
BRDA:20,2,0,2
BRDA:20,2,1,0
BRF:5
BRH:2
end_of_record
