TN:
SF:src/app.ts
FNF:0
FNH:0
DA:1,3
DA:2,3
DA:3,3
DA:4,3
DA:5,3
DA:7,3
DA:8,3
DA:9,3
DA:10,3
DA:11,3
DA:12,3
DA:14,3
LF:12
LH:12
BRF:0
BRH:0
end_of_record
TN:
SF:src/controllers/credential-controller.ts
FN:4,createCredential
FN:20,getAllCredential
FN:32,getCredentialById
FN:47,deleteCredentialById
FNF:4
FNH:4
FNDA:2,createCredential
FNDA:1,getAllCredential
FNDA:2,getCredentialById
FNDA:2,deleteCredentialById
DA:2,3
DA:4,3
DA:5,2
DA:6,2
DA:8,2
DA:9,2
DA:11,1
DA:13,1
DA:14,1
DA:16,1
DA:20,3
DA:21,1
DA:23,1
DA:24,1
DA:26,1
DA:28,0
DA:32,3
DA:33,2
DA:34,2
DA:36,2
DA:37,2
DA:38,0
DA:40,2
DA:41,2
DA:43,2
DA:47,3
DA:48,2
DA:49,2
DA:51,2
DA:52,2
DA:53,0
DA:55,2
DA:56,2
DA:58,2
LF:34
LH:31
BRDA:13,0,0,1
BRDA:40,1,0,2
BRDA:55,2,0,2
BRF:3
BRH:3
end_of_record
TN:
SF:src/controllers/network-controller.ts
FN:4,createNetwork
FN:18,getAllNetwork
FN:30,getNetworklById
FN:45,deleteNetworklById
FNF:4
FNH:4
FNDA:1,createNetwork
FNDA:1,getAllNetwork
FNDA:2,getNetworklById
FNDA:3,deleteNetworklById
DA:2,3
DA:4,3
DA:5,1
DA:6,1
DA:8,1
DA:9,1
DA:11,1
DA:14,0
DA:18,3
DA:19,1
DA:21,1
DA:22,1
DA:24,1
DA:26,0
DA:30,3
DA:31,2
DA:32,2
DA:34,2
DA:35,2
DA:36,0
DA:38,2
DA:39,2
DA:41,2
DA:45,3
DA:46,3
DA:47,3
DA:49,3
DA:50,3
DA:51,1
DA:53,2
DA:54,2
DA:56,2
LF:32
LH:29
BRDA:38,0,0,2
BRDA:53,1,0,2
BRF:2
BRH:2
end_of_record
TN:
SF:src/controllers/user-controller.ts
FN:4,userPost
FN:20,userlogin
FNF:2
FNH:2
FNDA:2,userPost
FNDA:3,userlogin
DA:2,3
DA:4,3
DA:5,2
DA:6,2
DA:7,2
DA:8,1
DA:13,1
DA:14,1
DA:16,0
DA:20,3
DA:21,3
DA:22,3
DA:23,3
DA:24,1
DA:27,2
DA:28,2
DA:30,0
LF:17
LH:15
BRDA:13,0,0,1
BRDA:27,1,0,2
BRF:2
BRH:2
end_of_record
TN:
SF:src/database/database.ts
FNF:0
FNH:0
DA:1,3
DA:3,3
DA:5,3
LF:3
LH:3
BRF:0
BRH:0
end_of_record
TN:
SF:src/errors/errors.ts
FN:3,duplicatedEmailError
FN:10,invalidCredentialsError
FN:17,titleAlreadyInUse
FN:24,idError
FNF:4
FNH:4
FNDA:2,duplicatedEmailError
FNDA:4,invalidCredentialsError
FNDA:2,titleAlreadyInUse
FNDA:13,idError
DA:3,3
DA:4,2
DA:10,3
DA:11,4
DA:17,3
DA:18,2
DA:24,3
DA:25,13
LF:8
LH:8
BRF:0
BRH:0
end_of_record
TN:
SF:src/middlewares/validation-middleware.ts
FN:4,validateBody
FN:9,(anonymous_1)
FN:17,validateBodyCredential
FN:22,(anonymous_3)
FN:30,validateBodyNetwork
FN:35,(anonymous_5)
FNF:6
FNH:6
FNDA:7,validateBody
FNDA:3,(anonymous_1)
FNDA:3,validateBodyCredential
FNDA:4,(anonymous_3)
FNDA:2,validateBodyNetwork
FNDA:3,(anonymous_5)
DA:2,3
DA:4,3
DA:5,7
DA:7,7
DA:8,7
DA:9,3
DA:10,2
DA:13,5
DA:14,5
DA:17,3
DA:18,3
DA:20,3
DA:21,3
DA:22,4
DA:23,1
DA:26,2
DA:27,2
DA:30,3
DA:31,2
DA:33,2
DA:34,2
DA:35,3
DA:36,1
DA:39,1
DA:40,1
LF:25
LH:25
BRDA:8,0,0,2
BRDA:21,1,0,1
BRDA:34,2,0,1
BRF:3
BRH:3
end_of_record
TN:
SF:src/middlewares/validationToken-middleware.ts
FN:5,authenticateToken
FNF:1
FNH:1
FNDA:22,authenticateToken
DA:2,3
DA:3,3
DA:5,3
DA:6,22
DA:7,22
DA:9,21
DA:10,21
DA:11,20
DA:13,20
DA:15,18
DA:21,18
DA:23,16
DA:24,16
DA:26,2
DA:27,2
LF:15
LH:15
BRDA:7,0,0,1
BRDA:10,1,0,1
BRDA:21,2,0,2
BRDA:26,3,0,2
BRF:4
BRH:4
end_of_record
TN:
SF:src/repositories/credential-repository.ts
FN:3,create
FN:16,findByid
FN:28,findAllCredential
FN:37,getCredentialById
FN:47,deleteCredentialById
FNF:5
FNH:4
FNDA:1,create
FNDA:2,findByid
FNDA:1,findAllCredential
FNDA:4,getCredentialById
FNDA:0,deleteCredentialById
DA:1,3
DA:4,1
DA:13,1
DA:17,2
DA:24,2
DA:29,1
DA:34,1
DA:38,4
DA:44,4
DA:48,0
DA:49,0
DA:52,3
LF:12
LH:10
BRF:0
BRH:0
end_of_record
TN:
SF:src/repositories/network-repository.ts
FN:3,create
FN:15,findAllNetwork
FN:24,getNetworklById
FN:34,deleteNetworkById
FNF:4
FNH:4
FNDA:1,create
FNDA:1,findAllNetwork
FNDA:5,getNetworklById
FNDA:1,deleteNetworkById
DA:1,3
DA:4,1
DA:12,1
DA:16,1
DA:21,1
DA:25,5
DA:31,5
DA:35,1
DA:36,1
DA:39,3
LF:10
LH:10
BRF:0
BRH:0
end_of_record
TN:
SF:src/repositories/sesseion-repository.ts
FN:3,create
FNF:1
FNH:1
FNDA:1,create
DA:1,3
DA:4,1
DA:12,3
DA:16,3
LF:4
LH:4
BRF:0
BRH:0
end_of_record
TN:
SF:src/repositories/user-repository.ts
FN:3,create
FN:12,findByEmail
FNF:2
FNH:2
FNDA:1,create
FNDA:5,findByEmail
DA:1,3
DA:4,1
DA:13,5
DA:23,5
DA:26,3
LF:5
LH:5
BRF:0
BRH:0
end_of_record
TN:
SF:src/routers/credential-router.ts
FNF:0
FNH:0
DA:1,3
DA:2,3
DA:3,3
DA:4,3
DA:6,3
DA:8,3
DA:9,3
DA:10,3
DA:11,3
DA:13,3
LF:10
LH:10
BRF:0
BRH:0
end_of_record
TN:
SF:src/routers/network-router.ts
FNF:0
FNH:0
DA:1,3
DA:2,3
DA:3,3
DA:4,3
DA:6,3
DA:8,3
DA:9,3
DA:10,3
DA:11,3
DA:13,3
LF:10
LH:10
BRF:0
BRH:0
end_of_record
TN:
SF:src/routers/user-router.ts
FNF:0
FNH:0
DA:1,3
DA:2,3
DA:3,3
DA:5,3
DA:7,3
DA:8,3
DA:10,3
LF:7
LH:7
BRF:0
BRH:0
end_of_record
TN:
SF:src/schemas/user-schema.ts
FNF:0
FNH:0
DA:1,3
DA:3,3
DA:8,3
DA:15,3
LF:4
LH:4
BRF:0
BRH:0
end_of_record
TN:
SF:src/services/credential-service.ts
FN:5,create
FN:19,rulesCredential
FN:29,getCredential
FN:38,getCredentialById
FN:52,deleteCredentialById
FNF:5
FNH:5
FNDA:2,create
FNDA:2,rulesCredential
FNDA:1,getCredential
FNDA:2,getCredentialById
FNDA:2,deleteCredentialById
DA:1,3
DA:2,3
DA:3,3
DA:5,3
DA:6,2
DA:8,1
DA:9,1
DA:10,1
DA:20,2
DA:21,2
DA:22,1
DA:24,1
DA:25,1
DA:30,1
DA:31,1
DA:32,1
DA:33,0
DA:35,1
DA:39,2
DA:40,2
DA:41,1
DA:43,1
DA:44,1
DA:46,0
DA:47,0
DA:49,0
DA:53,2
DA:55,2
DA:56,1
DA:58,1
DA:59,1
DA:61,0
DA:62,0
DA:65,3
LF:34
LH:28
BRDA:21,0,0,1
BRDA:24,1,0,1
BRDA:40,2,0,1
BRDA:43,3,0,1
BRDA:55,4,0,1
BRDA:58,5,0,1
BRF:6
BRH:6
end_of_record
TN:
SF:src/services/network-service.ts
FN:5,create
FN:17,getAllNetwork
FN:26,getNetworklById
FN:40,deleteNetworkById
FNF:4
FNH:4
FNDA:1,create
FNDA:1,getAllNetwork
FNDA:2,getNetworklById
FNDA:3,deleteNetworkById
DA:1,3
DA:2,3
DA:3,3
DA:5,3
DA:7,1
DA:8,1
DA:9,1
DA:18,1
DA:19,1
DA:20,1
DA:21,0
DA:23,1
DA:27,2
DA:28,2
DA:29,1
DA:31,1
DA:32,1
DA:34,0
DA:35,0
DA:37,0
DA:41,3
DA:43,3
DA:44,1
DA:46,2
DA:47,1
DA:49,1
DA:54,3
LF:27
LH:23
BRDA:28,0,0,1
BRDA:31,1,0,1
BRDA:43,2,0,1
BRDA:46,3,0,1
BRF:4
BRH:4
end_of_record
TN:
SF:src/services/user-service.ts
FN:8,createUser
FN:18,uniqueEmail
FN:26,signIn
FN:37,getUserOrFail
FN:44,validatePasswordOrFail
FN:49,createSession
FNF:6
FNH:6
FNDA:2,createUser
FNDA:2,uniqueEmail
FNDA:3,signIn
FNDA:3,getUserOrFail
FNDA:2,validatePasswordOrFail
FNDA:1,createSession
DA:1,3
DA:2,3
DA:3,3
DA:5,3
DA:6,3
DA:8,3
DA:9,2
DA:11,1
DA:12,1
DA:19,2
DA:21,2
DA:22,1
DA:28,3
DA:30,2
DA:32,1
DA:34,1
DA:38,3
DA:39,3
DA:41,2
DA:45,2
DA:46,2
DA:50,1
DA:52,1
DA:59,3
LF:24
LH:24
BRDA:21,0,0,1
BRDA:39,1,0,1
BRDA:46,2,0,1
BRF:3
BRH:3
end_of_record
TN:
SF:tests/factories/credential.factori.ts
FN:6,generateValidToken
FN:26,createCredential
FNF:2
FNH:2
FNDA:18,generateValidToken
FNDA:5,createCredential
DA:1,2
DA:3,2
DA:4,2
DA:6,2
DA:7,18
DA:8,18
DA:10,18
DA:12,18
DA:26,2
DA:27,5
DA:36,5
LF:11
LH:11
BRF:0
BRH:0
end_of_record
TN:
SF:tests/factories/network.factori.ts
FN:3,createNetwork
FNF:1
FNH:1
FNDA:5,createNetwork
DA:1,1
DA:3,1
DA:4,5
DA:12,5
LF:4
LH:4
BRF:0
BRH:0
end_of_record
TN:
SF:tests/factories/user.factori.ts
FN:14,createUser
FN:28,createSession
FNF:2
FNH:2
FNDA:43,createUser
FNDA:18,createSession
DA:1,3
DA:2,3
DA:3,3
DA:14,3
DA:15,43
DA:16,43
DA:18,43
DA:28,3
DA:29,18
DA:31,18
LF:10
LH:10
BRDA:14,0,0,41
BRDA:15,1,0,43
BRDA:15,1,1,41
BRDA:20,2,0,43
BRDA:20,2,1,41
BRF:5
BRH:5
end_of_record
